<?xml version="1.0" encoding="UTF-8"?>
<!-- Generated by org.testng.reporters.JUnitReportReporter -->
<testsuite hostname="LAPTOP-2TH9Q1UJ" failures="0" tests="9" name="com.selenium.testbuild.testCases" time="62.956" errors="0" timestamp="2021-10-02T11:01:48 IST" skipped="0">
  <testcase classname="com.selenium.testbuild.testCases" name="popup" time="9.750"/>
  <system-out/>
  <testcase classname="com.selenium.testbuild.testCases" name="bookshelves" time="1.957"/>
  <system-out/>
  <testcase classname="com.selenium.testbuild.testCases" name="storage" time="0.859"/>
  <system-out/>
  <testcase classname="com.selenium.testbuild.testCases" name="slider" time="7.555"/>
  <system-out/>
  <testcase classname="com.selenium.testbuild.testCases" name="checkbox" time="2.520"/>
  <system-out/>
  <testcase classname="com.selenium.testbuild.testCases" name="printItems" time="0.983"/>
  <system-out/>
  <testcase classname="com.selenium.testbuild.testCases" name="collections" time="1.177"/>
  <system-out/>
  <testcase classname="com.selenium.testbuild.testCases" name="printSubmenu" time="0.278"/>
  <system-out/>
  <testcase classname="com.selenium.testbuild.testCases" name="giftCard" time="37.877"/>
  <system-out/>
</testsuite> <!-- com.selenium.testbuild.testCases -->
