<?xml version="1.0" encoding="UTF-8"?>
<!-- Generated by org.testng.reporters.JUnitReportReporter -->
<testsuite hostname="LAPTOP-2TH9Q1UJ" failures="0" tests="9" name="com.selenium.testbuild.testCases" time="77.202" errors="0" timestamp="2021-09-30T19:03:33 IST" skipped="0">
  <testcase classname="com.selenium.testbuild.testCases" name="popup" time="10.416"/>
  <system-out/>
  <testcase classname="com.selenium.testbuild.testCases" name="bookshelves" time="3.779"/>
  <system-out/>
  <testcase classname="com.selenium.testbuild.testCases" name="storage" time="1.373"/>
  <system-out/>
  <testcase classname="com.selenium.testbuild.testCases" name="slider" time="8.930"/>
  <system-out/>
  <testcase classname="com.selenium.testbuild.testCases" name="checkbox" time="3.401"/>
  <system-out/>
  <testcase classname="com.selenium.testbuild.testCases" name="printItems" time="2.836"/>
  <system-out/>
  <testcase classname="com.selenium.testbuild.testCases" name="collections" time="1.962"/>
  <system-out/>
  <testcase classname="com.selenium.testbuild.testCases" name="printSubmenu" time="0.628"/>
  <system-out/>
  <testcase classname="com.selenium.testbuild.testCases" name="giftCard" time="43.877"/>
  <system-out/>
</testsuite> <!-- com.selenium.testbuild.testCases -->
